2021-03-13 22:54:30.919 [main] INFO  calculator.App - Factorial of 10 is 3628800
2021-03-13 22:54:30.939 [main] INFO  calculator.App - Log of 1.0is0.0
2021-03-13 22:54:31.014 [main] INFO  calculator.App - Power of 7.0and 3.0 is 343.0
2021-03-13 22:54:31.015 [main] INFO  calculator.App - Square root of 4.0 is 2.0
2021-03-17 01:03:13.408 [main] INFO  calculator.App - Square root of -2.0 is NaN
2021-03-17 01:03:13.413 [main] INFO  calculator.App - Factorial of 10 is 3628800
2021-03-17 01:03:13.414 [main] INFO  calculator.App - Log of 1.0is0.0
2021-03-17 01:03:13.417 [main] INFO  calculator.App - Power of 7.0and 3.0 is 343.0
2021-03-17 01:03:13.418 [main] INFO  calculator.App - Square root of 4.0 is 2.0
2021-03-17 01:05:59.586 [main] INFO  calculator.App - Square root of -2.0 is NaN
2021-03-17 01:05:59.591 [main] INFO  calculator.App - Factorial of 10 is 3628800
2021-03-17 01:05:59.592 [main] INFO  calculator.App - Log of 1.0is0.0
2021-03-17 01:05:59.592 [main] INFO  calculator.App - Power of 7.0and 3.0 is 343.0
2021-03-17 01:05:59.593 [main] INFO  calculator.App - Square root of 4.0 is 2.0
2021-03-17 01:06:56.595 [main] INFO  calculator.App - Square root of -2.0 is NaN
2021-03-17 01:06:56.601 [main] INFO  calculator.App - Factorial of 10 is 3628800
2021-03-17 01:06:56.602 [main] INFO  calculator.App - Log of 1.0is0.0
2021-03-17 01:06:56.602 [main] INFO  calculator.App - Power of 7.0and 3.0 is 343.0
2021-03-17 01:06:56.603 [main] INFO  calculator.App - Square root of 4.0 is 2.0
2021-03-17 01:09:23.751 [main] INFO  calculator.App - Square root of -2.0 is NaN
2021-03-17 01:09:23.753 [main] INFO  calculator.App - Factorial of 10 is 3628800
2021-03-17 01:09:23.754 [main] INFO  calculator.App - Log of 1.0is0.0
2021-03-17 01:09:23.755 [main] INFO  calculator.App - Power of 7.0and 3.0 is 343.0
2021-03-17 01:09:23.755 [main] INFO  calculator.App - Square root of 4.0 is 2.0
2021-03-17 01:21:15.345 [main] INFO  calculator.App - Square root of -2.0 is NaN
2021-03-17 01:21:15.348 [main] INFO  calculator.App - Factorial of 10 is 3628800
2021-03-17 01:21:15.349 [main] INFO  calculator.App - Log of 1.0is0.0
2021-03-17 01:21:15.350 [main] INFO  calculator.App - Power of 7.0and 3.0 is 343.0
2021-03-17 01:21:15.352 [main] ERROR calculator.App - Number entered for Square root is negative.
2021-03-17 01:21:15.353 [main] INFO  calculator.App - Square root of 4.0 is 2.0
2021-03-17 01:40:19.630 [main] INFO  calculator.App - Square root of -2.0 is NaN
2021-03-17 01:40:19.634 [main] INFO  calculator.App - Log of 0.0is-Infinity
2021-03-17 01:40:19.676 [main] INFO  calculator.App - Factorial of 10 is 3628800
2021-03-17 01:40:19.677 [main] INFO  calculator.App - Log of 1.0is0.0
2021-03-17 01:40:19.677 [main] INFO  calculator.App - Power of 7.0and 3.0 is 343.0
2021-03-17 01:40:19.678 [main] INFO  calculator.App - Log of -15.0isNaN
2021-03-17 01:40:19.679 [main] ERROR calculator.App - Number entered for Square root is negative.
2021-03-17 01:40:19.681 [main] INFO  calculator.App - Square root of 4.0 is 2.0
2021-03-17 01:42:23.190 [main] INFO  calculator.App - Square root of -2.0 is NaN
2021-03-17 01:42:23.193 [main] INFO  calculator.App - Log of 0.0is-Infinity
2021-03-17 01:42:23.194 [main] INFO  calculator.App - Factorial of 10 is 3628800
2021-03-17 01:42:23.195 [main] INFO  calculator.App - Log of 1.0is0.0
2021-03-17 01:42:23.196 [main] INFO  calculator.App - Power of 7.0and 3.0 is 343.0
2021-03-17 01:42:23.196 [main] INFO  calculator.App - Log of -15.0isNaN
2021-03-17 01:42:23.197 [main] ERROR calculator.App - Number entered for Square root is negative.
2021-03-17 01:42:23.212 [main] INFO  calculator.App - Square root of 4.0 is 2.0
2021-03-17 01:42:29.465 [main] INFO  calculator.App - Square root of -2.0 is NaN
2021-03-17 01:42:29.470 [main] INFO  calculator.App - Log of 0.0is-Infinity
2021-03-17 01:42:29.471 [main] INFO  calculator.App - Factorial of 10 is 3628800
2021-03-17 01:42:29.473 [main] INFO  calculator.App - Log of 1.0is0.0
2021-03-17 01:42:29.474 [main] INFO  calculator.App - Power of 7.0and 3.0 is 343.0
2021-03-17 01:42:29.475 [main] INFO  calculator.App - Log of -15.0isNaN
2021-03-17 01:42:29.477 [main] ERROR calculator.App - Number entered for Square root is negative.
2021-03-17 01:42:29.486 [main] INFO  calculator.App - Square root of 4.0 is 2.0
2021-03-17 01:44:32.970 [main] INFO  calculator.App - Square root of -2.0 is NaN
2021-03-17 01:44:32.974 [main] INFO  calculator.App - Log of 0.0is-Infinity
2021-03-17 01:44:32.976 [main] INFO  calculator.App - Factorial of 10 is 3628800
2021-03-17 01:44:32.977 [main] INFO  calculator.App - Log of 1.0is0.0
2021-03-17 01:44:32.979 [main] INFO  calculator.App - Power of 7.0and 3.0 is 343.0
2021-03-17 01:44:32.980 [main] INFO  calculator.App - Log of -15.0isNaN
2021-03-17 01:44:32.982 [main] ERROR calculator.App - Number entered for Square root is negative.
2021-03-17 01:44:32.993 [main] INFO  calculator.App - Square root of 4.0 is 2.0
2021-03-17 01:45:49.259 [main] INFO  calculator.App - Square root of -2.0 is NaN
2021-03-17 01:45:49.262 [main] INFO  calculator.App - Log of 0.0is-Infinity
2021-03-17 01:45:49.263 [main] INFO  calculator.App - Factorial of 10 is 3628800
2021-03-17 01:45:49.264 [main] INFO  calculator.App - Log of 1.0is0.0
2021-03-17 01:45:49.264 [main] INFO  calculator.App - Power of 7.0and 3.0 is 343.0
2021-03-17 01:45:49.265 [main] INFO  calculator.App - Log of -15.0isNaN
2021-03-17 01:45:49.265 [main] INFO  calculator.App - Square root of 4.0 is 2.0
2021-03-17 01:48:12.397 [main] INFO  calculator.App - Square root of -2.0 is NaN
2021-03-17 01:48:12.400 [main] INFO  calculator.App - Log of 0.0is-Infinity
2021-03-17 01:48:12.401 [main] INFO  calculator.App - Factorial of 10 is 3628800
2021-03-17 01:48:12.401 [main] INFO  calculator.App - Log of 1.0is0.0
2021-03-17 01:48:12.401 [main] INFO  calculator.App - Power of 7.0and 3.0 is 343.0
2021-03-17 01:48:12.402 [main] INFO  calculator.App - Log of -15.0isNaN
2021-03-17 01:48:12.402 [main] INFO  calculator.App - Power of 0.0and 0.0 is 1.0
2021-03-17 01:48:12.403 [main] INFO  calculator.App - Square root of 4.0 is 2.0
2021-03-17 01:48:19.656 [main] INFO  calculator.App - Square root of -2.0 is NaN
2021-03-17 01:48:19.661 [main] INFO  calculator.App - Log of 0.0is-Infinity
2021-03-17 01:48:19.662 [main] INFO  calculator.App - Factorial of 10 is 3628800
2021-03-17 01:48:19.663 [main] INFO  calculator.App - Log of 1.0is0.0
2021-03-17 01:48:19.665 [main] INFO  calculator.App - Power of 7.0and 3.0 is 343.0
2021-03-17 01:48:19.666 [main] INFO  calculator.App - Log of -15.0isNaN
2021-03-17 01:48:19.667 [main] INFO  calculator.App - Power of 0.0and 0.0 is 1.0
2021-03-17 01:48:19.668 [main] INFO  calculator.App - Square root of 4.0 is 2.0
